Performing C++ SOURCE FILE Test CMAKE_HAVE_LIBC_PTHREAD failed with the following output:
Change Dir: /home/iam/pi_server/build/CMakeFiles/CMakeTmp

Run Build Command(s):/usr/bin/gmake cmTC_60d4d/fast && /usr/bin/gmake  -f CMakeFiles/cmTC_60d4d.dir/build.make CMakeFiles/cmTC_60d4d.dir/build
gmake[1]: Entering directory '/home/iam/pi_server/build/CMakeFiles/CMakeTmp'
Building CXX object CMakeFiles/cmTC_60d4d.dir/src.cxx.o
/usr/bin/c++   -DCMAKE_HAVE_LIBC_PTHREAD -std=gnu++17 -o CMakeFiles/cmTC_60d4d.dir/src.cxx.o -c /home/iam/pi_server/build/CMakeFiles/CMakeTmp/src.cxx
Linking CXX executable cmTC_60d4d
/usr/bin/cmake -E cmake_link_script CMakeFiles/cmTC_60d4d.dir/link.txt --verbose=1
/usr/bin/c++  -DCMAKE_HAVE_LIBC_PTHREAD CMakeFiles/cmTC_60d4d.dir/src.cxx.o -o cmTC_60d4d 
/usr/bin/ld: CMakeFiles/cmTC_60d4d.dir/src.cxx.o: in function `main':
src.cxx:(.text+0x34): undefined reference to `pthread_create'
/usr/bin/ld: src.cxx:(.text+0x3c): undefined reference to `pthread_detach'
/usr/bin/ld: src.cxx:(.text+0x44): undefined reference to `pthread_cancel'
/usr/bin/ld: src.cxx:(.text+0x50): undefined reference to `pthread_join'
collect2: error: ld returned 1 exit status
gmake[1]: *** [CMakeFiles/cmTC_60d4d.dir/build.make:106: cmTC_60d4d] Error 1
gmake[1]: Leaving directory '/home/iam/pi_server/build/CMakeFiles/CMakeTmp'
gmake: *** [Makefile:140: cmTC_60d4d/fast] Error 2


Source file was:
#include <pthread.h>

void* test_func(void* data)
{
  return data;
}

int main(void)
{
  pthread_t thread;
  pthread_create(&thread, NULL, test_func, NULL);
  pthread_detach(thread);
  pthread_cancel(thread);
  pthread_join(thread, NULL);
  pthread_atfork(NULL, NULL, NULL);
  pthread_exit(NULL);

  return 0;
}

Determining if the function pthread_create exists in the pthreads failed with the following output:
Change Dir: /home/iam/pi_server/build/CMakeFiles/CMakeTmp

Run Build Command(s):/usr/bin/gmake cmTC_36955/fast && /usr/bin/gmake  -f CMakeFiles/cmTC_36955.dir/build.make CMakeFiles/cmTC_36955.dir/build
gmake[1]: Entering directory '/home/iam/pi_server/build/CMakeFiles/CMakeTmp'
Building CXX object CMakeFiles/cmTC_36955.dir/CheckFunctionExists.cxx.o
/usr/bin/c++   -DCHECK_FUNCTION_EXISTS=pthread_create -std=gnu++17 -o CMakeFiles/cmTC_36955.dir/CheckFunctionExists.cxx.o -c /home/iam/pi_server/build/CMakeFiles/CheckLibraryExists/CheckFunctionExists.cxx
Linking CXX executable cmTC_36955
/usr/bin/cmake -E cmake_link_script CMakeFiles/cmTC_36955.dir/link.txt --verbose=1
/usr/bin/c++  -DCHECK_FUNCTION_EXISTS=pthread_create CMakeFiles/cmTC_36955.dir/CheckFunctionExists.cxx.o -o cmTC_36955  -lpthreads 
/usr/bin/ld: cannot find -lpthreads
collect2: error: ld returned 1 exit status
gmake[1]: *** [CMakeFiles/cmTC_36955.dir/build.make:106: cmTC_36955] Error 1
gmake[1]: Leaving directory '/home/iam/pi_server/build/CMakeFiles/CMakeTmp'
gmake: *** [Makefile:140: cmTC_36955/fast] Error 2



